==============================================================================
20180129 18:56:28.935 - INFO - + START SUITE: Acceptancetest [ ]
==============================================================================
20180129 18:56:29.044 - INFO - +- START SUITE: Acceptancetest.HelloWorldTests [ ]
==============================================================================
20180129 18:56:29.060 - INFO - +-- START TEST: Say Hello [ ]
------------------------------------------------------------------------------
20180129 18:56:29.072 - INFO - +--- START KW: keywords.CustomKeywords.Greet Everyone [ ]
20180129 18:56:29.084 - INFO - +--- END KW: keywords.CustomKeywords.Greet Everyone (8)
------------------------------------------------------------------------------
20180129 18:56:29.092 - INFO - +-- END TEST: Say Hello (24)
------------------------------------------------------------------------------
20180129 18:56:29.096 - INFO - +-- START TEST: Say Hello In Pig Latin [ ]
------------------------------------------------------------------------------
20180129 18:56:29.103 - INFO - +--- START KW: keywords.CustomKeywords.Reverse Greet Everyone [ ]
20180129 18:56:29.111 - INFO - +--- END KW: keywords.CustomKeywords.Reverse Greet Everyone (12)
------------------------------------------------------------------------------
20180129 18:56:29.115 - INFO - +-- END TEST: Say Hello In Pig Latin (15)
------------------------------------------------------------------------------
20180129 18:56:29.118 - INFO - +-- START TEST: Make Sure You're Saying Hello [ ]
------------------------------------------------------------------------------
20180129 18:56:29.122 - INFO - +--- START KW: keywords.CustomKeywords.Greet Everyone [ ]
20180129 18:56:29.138 - INFO - ${result} = hello world
20180129 18:56:29.138 - INFO - +--- END KW: keywords.CustomKeywords.Greet Everyone (16)
~~~~~~~~~~~~~~~~~~~~~~~~~~~~~~~~~~~~~~~~~~~~~~~~~~~~~~~~~~~~~~~~~~~~~~~~~~~~~~
20180129 18:56:29.142 - INFO - +--- START KW: BuiltIn.Should Be Equal [ ${result} | hello world ]
20180129 18:56:29.146 - INFO - +--- END KW: BuiltIn.Should Be Equal (8)
------------------------------------------------------------------------------
20180129 18:56:29.150 - INFO - +-- END TEST: Make Sure You're Saying Hello (32)
------------------------------------------------------------------------------
20180129 18:56:29.157 - INFO - +-- START TEST: Make A Test That Fails [ ]
------------------------------------------------------------------------------
20180129 18:56:29.161 - INFO - +--- START KW: keywords.CustomKeywords.Reverse Greet Everyone [ ]
20180129 18:56:29.170 - INFO - ${result} = dlrow olleh
20180129 18:56:29.173 - INFO - +--- END KW: keywords.CustomKeywords.Reverse Greet Everyone (9)
~~~~~~~~~~~~~~~~~~~~~~~~~~~~~~~~~~~~~~~~~~~~~~~~~~~~~~~~~~~~~~~~~~~~~~~~~~~~~~
20180129 18:56:29.173 - INFO - +--- START KW: BuiltIn.Should Be Equal [ ${result} | dlrow olleh ]
20180129 18:56:29.181 - INFO - +--- END KW: BuiltIn.Should Be Equal (8)
------------------------------------------------------------------------------
20180129 18:56:29.189 - INFO - +-- END TEST: Make A Test That Fails (31)
------------------------------------------------------------------------------
20180129 18:56:29.212 - INFO - +- END SUITE: Acceptancetest.HelloWorldTests (254)
==============================================================================
20180129 18:56:29.224 - INFO - + END SUITE: Acceptancetest (641)
==============================================================================
